<?xml version="1.0" encoding="UTF-8"?>

<beans xmlns="http://www.springframework.org/schema/beans"
   	   xmlns:context="http://www.springframework.org/schema/context"
   	   xmlns:xsi="http://www.w3.org/2001/XMLSchema-instance" 
   	   xmlns:mvc="http://www.springframework.org/schema/mvc" 
   	   xmlns:aop="http://www.springframework.org/schema/aop" 
   	   xmlns:tx="http://www.springframework.org/schema/tx" 
   	   xmlns:jee="http://www.springframework.org/schema/jee" 
   	   xsi:schemaLocation="
   			http://www.springframework.org/schema/beans http://www.springframework.org/schema/beans/spring-beans.xsd 
   			http://www.springframework.org/schema/context http://www.springframework.org/schema/context/spring-context.xsd 
   			http://www.springframework.org/schema/mvc http://www.springframework.org/schema/mvc/spring-mvc.xsd 
   			http://www.springframework.org/schema/aop http://www.springframework.org/schema/aop/spring-aop.xsd 
   			http://www.springframework.org/schema/tx http://www.springframework.org/schema/tx/spring-tx.xsd 
   			http://www.springframework.org/schema/jee http://www.springframework.org/schema/jee/spring-jee.xsd">
    
    <mvc:annotation-driven/>
    <mvc:resources mapping="/resources/**" location="/WEB-INF/resources/"/>
    <!-- Register Annotation-based Post Processing Beans -->
    <context:annotation-config />  
    <!-- Scan context package for any eligible annotation configured beans -->
	<context:component-scan base-package="com.spring.mvc" />

    <!--  
    <bean id="userDao" class="com.spring.mvc.dao.impl.UserDaoImpl"/>
	-->
	
	<!-- <aop:aspectj-autoproxy proxy-target-class="true" />
	
	<bean id="propertyConfigurer" class="org.springframework.beans.factory.config.PropertyPlaceholderConfigurer">
		<property name="systemPropertiesModeName" value="SYSTEM_PROPERTIES_MODE_OVERRIDE"/>
    	<property name="location" value="classpath:hppAdmin.properties"/>
	</bean> -->
	
	<bean class="org.springframework.web.servlet.mvc.annotation.DefaultAnnotationHandlerMapping" />
	<bean class="org.springframework.web.servlet.mvc.annotation.AnnotationMethodHandlerAdapter" />
	
	<bean class="org.springframework.web.servlet.view.InternalResourceViewResolver">
	  	<property name="prefix" value="/jsp/"/>
	  	<property name="suffix" value=".jsp"/>
	</bean>

	<!-- JDBC Data Source. It is assumed you have MySQL running on localhost 
		port 3306 with username root and blank password. Change below if it's not 
		the case -->
	<bean id="myDS" class="org.apache.commons.dbcp.BasicDataSource"
		destroy-method="close">
		<property name="driverClassName" value="com.mysql.jdbc.Driver" />
		<property name="url" value="jdbc:mysql://localhost:3306/test" />
		<property name="username" value="root" />
		<property name="password" value="password" />
    	<property name="maxActive" value="10"/> 
    	<property name="minIdle" value="5"/> 		
		<property name="validationQuery" value="SELECT 1" />
	</bean>

    
	<!-- Hibernate Session Factory -->
	<bean id="mySessionFactory"
		class="org.springframework.orm.hibernate4.LocalSessionFactoryBean">
		<property name="dataSource" ref="myDS" />
		<property name="packagesToScan" value="com.spring.mvc.entity"/>
		<!--  
	        <list>
	            <value>com.spring.mvc.controller</value>
	            <value>com.spring.mvc.dao</value>
	            <value>com.spring.mvc.dao.impl</value>
	        </list>
		</property>
		-->
		<property name="hibernateProperties">
			<props>
				<prop key="show_sql">true</prop>
				<prop key="dialect">org.hibernate.dialect.MySQLDialect</prop>
			</props>		    
		    <!--  
			<value>
				hibernate.dialect=org.hibernate.dialect.MySQLDialect
			</value>
			-->
		</property>
	</bean>

	<!-- Hibernate Transaction Manager -->
	<bean id="transactionManager"
		class="org.springframework.orm.hibernate4.HibernateTransactionManager">
		<property name="sessionFactory" ref="mySessionFactory" />
	</bean>  
    <tx:annotation-driven transaction-manager="transactionManager"/>
    
</beans>    